<?xml version="1.0" encoding="UTF-8"?>
<!-- Generated by org.testng.reporters.JUnitReportReporter -->
<testsuite skipped="0" hostname="LAPTOP-KNMIT4O9" name="MagentoTest" tests="1" failures="0" timestamp="15 Oct 2018 08:58:34 GMT" time="33.351" errors="0">
  <testcase name="posCredentials" time="33.351" classname="MagentoTest"/>
</testsuite> <!-- MagentoTest -->
